--- Test run on 2015/08/24 22:43:57 ---

=PROGRESS REPORT==== 24-Aug-2015::22:43:58 ===
          supervisor: {local,sasl_safe_sup}
             started: [{pid,<0.38.0>},
                       {name,alarm_handler},
                       {mfargs,{alarm_handler,start_link,[]}},
                       {restart_type,permanent},
                       {shutdown,2000},
                       {child_type,worker}]

=PROGRESS REPORT==== 24-Aug-2015::22:43:58 ===
          supervisor: {local,sasl_safe_sup}
             started: [{pid,<0.39.0>},
                       {name,overload},
                       {mfargs,{overload,start_link,[]}},
                       {restart_type,permanent},
                       {shutdown,2000},
                       {child_type,worker}]

=PROGRESS REPORT==== 24-Aug-2015::22:43:58 ===
          supervisor: {local,sasl_sup}
             started: [{pid,<0.37.0>},
                       {name,sasl_safe_sup},
                       {mfargs,
                           {supervisor,start_link,
                               [{local,sasl_safe_sup},sasl,safe]}},
                       {restart_type,permanent},
                       {shutdown,infinity},
                       {child_type,supervisor}]

=PROGRESS REPORT==== 24-Aug-2015::22:43:58 ===
          supervisor: {local,sasl_sup}
             started: [{pid,<0.40.0>},
                       {name,release_handler},
                       {mfargs,{release_handler,start_link,[]}},
                       {restart_type,permanent},
                       {shutdown,2000},
                       {child_type,worker}]

=PROGRESS REPORT==== 24-Aug-2015::22:43:58 ===
         application: sasl
          started_at: 'test@Gina-Haggs-MacBook-Pro'
Converting "/Users/ginahagg/mywork/homework/erlproto/." to "/Users/ginahagg/mywork/homework/erlproto" and re-inserting with add_patha/1


Common Test v1.10 starting (cwd is /Users/ginahagg/mywork/homework/erlproto)


Common Test: Running make in test directories...
Including the following directories:
"/Users/ginahagg/mywork/homework/erlproto/include"
Recompile: wsclient

CWD set to: "/Users/ginahagg/mywork/homework/erlproto/ct/logs/ct_run.test@Gina-Haggs-MacBook-Pro.2015-08-24_22.43.58"

TEST INFO: 1 test(s), 1 case(s) in 1 suite(s)

Cover compiling 3 modules - this may take some time... done

Testing erlproto.ct: Starting test, 1 test cases

=PROGRESS REPORT==== 24-Aug-2015::22:43:59 ===
         application: asn1
          started_at: 'test@Gina-Haggs-MacBook-Pro'

=PROGRESS REPORT==== 24-Aug-2015::22:43:59 ===
         application: crypto
          started_at: 'test@Gina-Haggs-MacBook-Pro'

=PROGRESS REPORT==== 24-Aug-2015::22:43:59 ===
          supervisor: {local,inet_gethost_native_sup}
             started: [{pid,<0.132.0>},{mfa,{inet_gethost_native,init,[[]]}}]

=PROGRESS REPORT==== 24-Aug-2015::22:43:59 ===
          supervisor: {local,kernel_safe_sup}
             started: [{pid,<0.131.0>},
                       {name,inet_gethost_native_sup},
                       {mfargs,{inet_gethost_native,start_link,[]}},
                       {restart_type,temporary},
                       {shutdown,1000},
                       {child_type,worker}]

----------------------------------------------------
2015-08-24 22:43:59.345  info
Sending to server: <<8,9,18,15,10,9,102,97,99,116,111,114,105,97,108,16,3,24,0>>



=PROGRESS REPORT==== 24-Aug-2015::22:43:59 ===
          supervisor: {local,kernel_safe_sup}
             started: [{pid,<0.135.0>},
                       {name,dets_sup},
                       {mfargs,{dets_sup,start_link,[]}},
                       {restart_type,permanent},
                       {shutdown,1000},
                       {child_type,supervisor}]

=PROGRESS REPORT==== 24-Aug-2015::22:43:59 ===
          supervisor: {local,kernel_safe_sup}
             started: [{pid,<0.136.0>},
                       {name,dets},
                       {mfargs,{dets_server,start_link,[]}},
                       {restart_type,permanent},
                       {shutdown,2000},
                       {child_type,worker}]

----------------------------------------------------
2015-08-24 22:43:59.385  info
should be empty



----------------------------------------------------
2015-08-24 22:43:59.387  info
first payload: [{payload,<<8,9,18,15,10,9,102,97,99,116,111,114,105,97,108,
                           16,3,24,6>>}]



----------------------------------------------------
2015-08-24 22:43:59.387  info
Recieved from server: <<8,9,18,15,10,9,102,97,99,116,111,114,105,97,108,16,3,
                        24,6>>



----------------------------------------------------
2015-08-24 22:43:59.387  info
Server sent answer: factorial:<<10,9,102,97,99,116,111,114,105,97,108,16,3,24,6>>



----------------------------------------------------
2015-08-24 22:43:59.388  info
after final decoding factorial of 3 should be 6 from shown in 4 element of the tuple. {factorial,
                                                                                       "factorial",
                                                                                       3,
                                                                                       6}


Testing erlproto.ct: TEST COMPLETE, 1 ok, 0 failed of 1 test cases

Cover analysing... done

Updating /Users/ginahagg/mywork/homework/erlproto/ct/logs/index.html... done
Updating /Users/ginahagg/mywork/homework/erlproto/ct/logs/all_runs.html... done

